Updating Dashboard for frappe
Updating Dashboard for payments
Updating Dashboard for erpnext
Updating Dashboard for hrms
Updating Dashboard for ecommerce_integrations
Could not find app "employeewise_payroll"
Traceback (most recent call last):
  File "apps/frappe/frappe/utils/caching.py", line 55, in wrapper
    return frappe.local.request_cache[func][args_key]
KeyError: -8346819987879983498

During handling of the above exception, another exception occurred:

Traceback (most recent call last):
  File "apps/frappe/frappe/www/app.py", line 28, in get_context
    boot = frappe.sessions.get()
  File "apps/frappe/frappe/sessions.py", line 166, in get
    bootinfo = get_bootinfo()
  File "apps/frappe/frappe/boot.py", line 66, in get_bootinfo
    doclist.extend(get_meta_bundle("Page"))
  File "apps/frappe/frappe/desk/form/load.py", line 83, in get_meta_bundle
    bundle = [frappe.desk.form.meta.get_meta(doctype)]
  File "apps/frappe/frappe/desk/form/meta.py", line 40, in get_meta
    meta = FormMeta(doctype)
  File "apps/frappe/frappe/desk/form/meta.py", line 54, in __init__
    self.load_assets()
  File "apps/frappe/frappe/desk/form/meta.py", line 64, in load_assets
    self.add_code()
  File "apps/frappe/frappe/desk/form/meta.py", line 115, in add_code
    self.add_code_via_hook("doctype_js", "__js")
  File "apps/frappe/frappe/desk/form/meta.py", line 140, in add_code_via_hook
    for path in get_code_files_via_hooks(hook, self.name):
  File "apps/frappe/frappe/desk/form/meta.py", line 267, in get_code_files_via_hooks
    code_hook = frappe.get_hooks(hook, default={}, app_name=app_name)
  File "apps/frappe/frappe/__init__.py", line 1471, in get_hooks
    hooks = _dict(_load_app_hooks(app_name))
  File "apps/frappe/frappe/utils/caching.py", line 57, in wrapper
    return_val = func(*args, **kwargs)
  File "apps/frappe/frappe/__init__.py", line 1445, in _load_app_hooks
    app_hooks = get_module(f"{app}.hooks")
  File "apps/frappe/frappe/__init__.py", line 1323, in get_module
    return importlib.import_module(modulename)
  File "/usr/lib/python3.10/importlib/__init__.py", line 126, in import_module
    return _bootstrap._gcd_import(name[level:], package, level)
  File "<frozen importlib._bootstrap>", line 1050, in _gcd_import
  File "<frozen importlib._bootstrap>", line 1027, in _find_and_load
  File "<frozen importlib._bootstrap>", line 1006, in _find_and_load_unlocked
  File "<frozen importlib._bootstrap>", line 688, in _load_unlocked
  File "<frozen importlib._bootstrap_external>", line 883, in exec_module
  File "<frozen importlib._bootstrap>", line 241, in _call_with_frames_removed
  File "apps/employeewise_payroll/employeewise_payroll/hooks.py", line 3, in <module>
    PayrollEntry = get_controller("Payroll Entry")
  File "apps/frappe/frappe/model/base_document.py", line 81, in get_controller
    site_controllers[doctype] = _get_controller()
  File "apps/frappe/frappe/model/base_document.py", line 59, in _get_controller
    module = frappe.get_module(module_path)
  File "apps/frappe/frappe/__init__.py", line 1323, in get_module
    return importlib.import_module(modulename)
  File "/usr/lib/python3.10/importlib/__init__.py", line 126, in import_module
    return _bootstrap._gcd_import(name[level:], package, level)
  File "<frozen importlib._bootstrap>", line 1050, in _gcd_import
  File "<frozen importlib._bootstrap>", line 1027, in _find_and_load
  File "<frozen importlib._bootstrap>", line 1006, in _find_and_load_unlocked
  File "<frozen importlib._bootstrap>", line 688, in _load_unlocked
  File "<frozen importlib._bootstrap_external>", line 883, in exec_module
  File "<frozen importlib._bootstrap>", line 241, in _call_with_frames_removed
  File "apps/employeewise_payroll/employeewise_payroll/employeewise_payroll/payroll_entry/__init__.py", line 1, in <module>
    from .payroll_entry import CustomPayrollEntry, cash_payment, payroll_payment_entry_exists
  File "apps/employeewise_payroll/employeewise_payroll/employeewise_payroll/payroll_entry/payroll_entry.py", line 3, in <module>
    from employeewise_payroll.hooks import PayrollEntry
ImportError: cannot import name 'PayrollEntry' from partially initialized module 'employeewise_payroll.hooks' (most likely due to a circular import) (apps/employeewise_payroll/employeewise_payroll/hooks.py)

Could not find app "employeewise_payroll"
Could not find app "employeewise_payroll"
Could not find app "employeewise_payroll"
Could not find app "employeewise_payroll"
Could not find app "employeewise_payroll"
Could not find app "employeewise_payroll"
Could not find app "employeewise_payroll"
Could not find app "employeewise_payroll"
Traceback (most recent call last):
  File "apps/frappe/frappe/utils/caching.py", line 55, in wrapper
    return frappe.local.request_cache[func][args_key]
KeyError: -8346819987879983498

During handling of the above exception, another exception occurred:

Traceback (most recent call last):
  File "apps/frappe/frappe/www/app.py", line 28, in get_context
    boot = frappe.sessions.get()
  File "apps/frappe/frappe/sessions.py", line 166, in get
    bootinfo = get_bootinfo()
  File "apps/frappe/frappe/boot.py", line 66, in get_bootinfo
    doclist.extend(get_meta_bundle("Page"))
  File "apps/frappe/frappe/desk/form/load.py", line 83, in get_meta_bundle
    bundle = [frappe.desk.form.meta.get_meta(doctype)]
  File "apps/frappe/frappe/desk/form/meta.py", line 40, in get_meta
    meta = FormMeta(doctype)
  File "apps/frappe/frappe/desk/form/meta.py", line 54, in __init__
    self.load_assets()
  File "apps/frappe/frappe/desk/form/meta.py", line 64, in load_assets
    self.add_code()
  File "apps/frappe/frappe/desk/form/meta.py", line 115, in add_code
    self.add_code_via_hook("doctype_js", "__js")
  File "apps/frappe/frappe/desk/form/meta.py", line 140, in add_code_via_hook
    for path in get_code_files_via_hooks(hook, self.name):
  File "apps/frappe/frappe/desk/form/meta.py", line 267, in get_code_files_via_hooks
    code_hook = frappe.get_hooks(hook, default={}, app_name=app_name)
  File "apps/frappe/frappe/__init__.py", line 1471, in get_hooks
    hooks = _dict(_load_app_hooks(app_name))
  File "apps/frappe/frappe/utils/caching.py", line 57, in wrapper
    return_val = func(*args, **kwargs)
  File "apps/frappe/frappe/__init__.py", line 1445, in _load_app_hooks
    app_hooks = get_module(f"{app}.hooks")
  File "apps/frappe/frappe/__init__.py", line 1323, in get_module
    return importlib.import_module(modulename)
  File "/usr/lib/python3.10/importlib/__init__.py", line 126, in import_module
    return _bootstrap._gcd_import(name[level:], package, level)
  File "<frozen importlib._bootstrap>", line 1050, in _gcd_import
  File "<frozen importlib._bootstrap>", line 1027, in _find_and_load
  File "<frozen importlib._bootstrap>", line 1006, in _find_and_load_unlocked
  File "<frozen importlib._bootstrap>", line 688, in _load_unlocked
  File "<frozen importlib._bootstrap_external>", line 883, in exec_module
  File "<frozen importlib._bootstrap>", line 241, in _call_with_frames_removed
  File "apps/employeewise_payroll/employeewise_payroll/hooks.py", line 3, in <module>
    PayrollEntry = get_controller("Payroll Entry")
  File "apps/frappe/frappe/model/base_document.py", line 81, in get_controller
    site_controllers[doctype] = _get_controller()
  File "apps/frappe/frappe/model/base_document.py", line 59, in _get_controller
    module = frappe.get_module(module_path)
  File "apps/frappe/frappe/__init__.py", line 1323, in get_module
    return importlib.import_module(modulename)
  File "/usr/lib/python3.10/importlib/__init__.py", line 126, in import_module
    return _bootstrap._gcd_import(name[level:], package, level)
  File "<frozen importlib._bootstrap>", line 1050, in _gcd_import
  File "<frozen importlib._bootstrap>", line 1027, in _find_and_load
  File "<frozen importlib._bootstrap>", line 1006, in _find_and_load_unlocked
  File "<frozen importlib._bootstrap>", line 688, in _load_unlocked
  File "<frozen importlib._bootstrap_external>", line 883, in exec_module
  File "<frozen importlib._bootstrap>", line 241, in _call_with_frames_removed
  File "apps/employeewise_payroll/employeewise_payroll/employeewise_payroll/payroll_entry/__init__.py", line 1, in <module>
    from .payroll_entry import CustomPayrollEntry, cash_payment, payroll_payment_entry_exists
  File "apps/employeewise_payroll/employeewise_payroll/employeewise_payroll/payroll_entry/payroll_entry.py", line 3, in <module>
    from employeewise_payroll.hooks import PayrollEntry
ImportError: cannot import name 'PayrollEntry' from partially initialized module 'employeewise_payroll.hooks' (most likely due to a circular import) (apps/employeewise_payroll/employeewise_payroll/hooks.py)

Could not find app "employeewise_payroll"
Could not find app "employeewise_payroll"
Could not find app "employeewise_payroll"
Could not find app "employeewise_payroll"
Could not find app "employeewise_payroll"
Could not find app "employeewise_payroll"
Could not find app "employeewise_payroll"
Could not find app "employeewise_payroll"
